[PREINITIALIZATION][CLIENT][INFO] Current loaders after merging: [[preinit]]
[PREINITIALIZATION][CLIENT][INFO] Loading scripts for loader with names [preinit]
[PREINITIALIZATION][CLIENT][INFO] [preinit | SIDE_CLIENT]: Skipping file {[0:crafttweaker]: 00_removed.zs} as we are currently loading with a different loader
[PREINITIALIZATION][CLIENT][INFO] [preinit | SIDE_CLIENT]: Skipping file {[0:crafttweaker]: 01_JEI_tooltips.zs} as we are currently loading with a different loader
[PREINITIALIZATION][CLIENT][INFO] [preinit | SIDE_CLIENT]: Skipping file {[0:crafttweaker]: 02_unification.zs} as we are currently loading with a different loader
[PREINITIALIZATION][CLIENT][INFO] [preinit | SIDE_CLIENT]: Skipping file {[0:crafttweaker]: 03_ultimate_changes.zs} as we are currently loading with a different loader
[PREINITIALIZATION][CLIENT][INFO] [preinit | SIDE_CLIENT]: Skipping file {[0:crafttweaker]: advanced_solar.zs} as we are currently loading with a different loader
[PREINITIALIZATION][CLIENT][INFO] [preinit | SIDE_CLIENT]: Skipping file {[0:crafttweaker]: applied_energistics.zs} as we are currently loading with a different loader
[PREINITIALIZATION][CLIENT][INFO] [preinit | SIDE_CLIENT]: Skipping file {[0:crafttweaker]: chisel.zs} as we are currently loading with a different loader
[PREINITIALIZATION][CLIENT][INFO] [preinit | SIDE_CLIENT]: Skipping file {[0:crafttweaker]: energy_converters.zs} as we are currently loading with a different loader
[PREINITIALIZATION][CLIENT][INFO] [preinit | SIDE_CLIENT]: Skipping file {[0:crafttweaker]: ic2.zs} as we are currently loading with a different loader
[PREINITIALIZATION][CLIENT][INFO] [preinit | SIDE_CLIENT]: Skipping file {[0:crafttweaker]: immersive_engineering.zs} as we are currently loading with a different loader
[PREINITIALIZATION][CLIENT][INFO] [preinit | SIDE_CLIENT]: Skipping file {[0:crafttweaker]: mffs.zs} as we are currently loading with a different loader
[PREINITIALIZATION][CLIENT][INFO] [preinit | SIDE_CLIENT]: Skipping file {[0:crafttweaker]: mps.zs} as we are currently loading with a different loader
[PREINITIALIZATION][CLIENT][INFO] [preinit | SIDE_CLIENT]: Skipping file {[0:crafttweaker]: railcraft.zs} as we are currently loading with a different loader
[PREINITIALIZATION][CLIENT][INFO] [preinit | SIDE_CLIENT]: Skipping file {[0:crafttweaker]: techreborn.zs} as we are currently loading with a different loader
[PREINITIALIZATION][CLIENT][INFO] [preinit | SIDE_CLIENT]: Skipping file {[0:crafttweaker]: world_control.zs} as we are currently loading with a different loader
[PREINITIALIZATION][CLIENT][INFO] [preinit | SIDE_CLIENT]: Skipping file {[0:crafttweaker]: yabba.zs} as we are currently loading with a different loader
[PREINITIALIZATION][CLIENT][INFO] Completed script loading in: 2ms
[INITIALIZATION][CLIENT][INFO] CraftTweaker: Building registry
[INITIALIZATION][CLIENT][INFO] CraftTweaker: Successfully built item registry
[INITIALIZATION][CLIENT][INFO] Current loaders after merging: [[preinit], [recipeevent | crafttweaker]]
[INITIALIZATION][CLIENT][INFO] Loading scripts for loader with names [crafttweaker | recipeevent]
[INITIALIZATION][CLIENT][INFO] [crafttweaker | SIDE_CLIENT]: Loading Script: {[0:crafttweaker]: 00_removed.zs}
[INITIALIZATION][CLIENT][INFO] [crafttweaker | SIDE_CLIENT]: Loading Script: {[0:crafttweaker]: 01_JEI_tooltips.zs}
[INITIALIZATION][CLIENT][INFO] Adding tooltip for <minecraft:coal_ore>: "Found in overworld from y0 to y128"
[INITIALIZATION][CLIENT][INFO] Adding tooltip for <minecraft:iron_ore>: "Found in overworld from y0 to y64"
[INITIALIZATION][CLIENT][INFO] Adding tooltip for <minecraft:gold_ore>: "Found in overworld from y0 to y32"
[INITIALIZATION][CLIENT][INFO] Adding tooltip for <minecraft:lapis_ore>: "Found in overworld from y0 to y32"
[INITIALIZATION][CLIENT][INFO] Adding tooltip for <minecraft:redstone_ore>: "Found in overworld from y0 to y16"
[INITIALIZATION][CLIENT][INFO] Adding tooltip for <minecraft:diamond_ore>: "Found in overworld from y0 to y16"
[INITIALIZATION][CLIENT][INFO] Adding tooltip for <minecraft:emerald_ore>: "Found in overworld from y0 to y16; rare chance of spawning with diamonds"
[INITIALIZATION][CLIENT][INFO] Adding tooltip for <thermalfoundation:ore>: "Found in overworld from y40 to y75"
[INITIALIZATION][CLIENT][INFO] Adding tooltip for <thermalfoundation:ore:1>: "Found in overworld from y20 to y55"
[INITIALIZATION][CLIENT][INFO] Adding tooltip for <thermalfoundation:ore:2>: "Found in overworld from y5 to y30"
[INITIALIZATION][CLIENT][INFO] Adding tooltip for <thermalfoundation:ore:3>: "Found in overworld from y5 to y30"
[INITIALIZATION][CLIENT][INFO] Adding tooltip for <thermalfoundation:ore:7>: "Found in overworld from y8 to y65; rare!"
[INITIALIZATION][CLIENT][INFO] Adding tooltip for <thermalfoundation:ore:6>: "Found in overworld from y8 to y65; rare!"
[INITIALIZATION][CLIENT][INFO] Adding tooltip for <thermalfoundation:ore:5>: "Found in overworld from y5 to y20"
[INITIALIZATION][CLIENT][INFO] Adding tooltip for <thermalfoundation:ore:4>: "Not found in world, Aluminum can be obtained as a by-product from Tech Reborn Bauxite Ore"
[INITIALIZATION][CLIENT][INFO] Adding tooltip for <techreborn:ore:8>: "Found in overworld from y0 to y10; rare!"
[INITIALIZATION][CLIENT][INFO] Adding tooltip for <techreborn:ore:10>: "Found in overworld from y16 to y42"
[INITIALIZATION][CLIENT][INFO] Adding tooltip for <projectred-exploration:ore>: "Found in overworld from y16 to y42"
[INITIALIZATION][CLIENT][INFO] Adding tooltip for <projectred-exploration:ore:1>: "Found in overworld from y16 to y42"
[INITIALIZATION][CLIENT][INFO] Adding tooltip for <projectred-exploration:ore:2>: "Found in overworld from y48 to y72"
[INITIALIZATION][CLIENT][INFO] Adding tooltip for <forestry:resources>: "Found in overworld from y54 to y96"
[INITIALIZATION][CLIENT][INFO] Adding tooltip for <appliedenergistics2:quartz_ore>: "Found in overworld from y24 to y48"
[INITIALIZATION][CLIENT][INFO] Adding tooltip for <projectred-exploration:ore:6>: "Found in overworld from y0 to y16"
[INITIALIZATION][CLIENT][INFO] Adding tooltip for <ic2:resource:4>: "Found in overworld from y16 to y42"
[INITIALIZATION][CLIENT][INFO] Adding tooltip for <modularforcefieldsystem:monazit_ore>: "Found in overworld from y20 to y60"
[INITIALIZATION][CLIENT][INFO] Adding tooltip for <techreborn:ore>: "Found in overworld from y12 to y32"
[INITIALIZATION][CLIENT][INFO] Adding tooltip for <thaumcraft:ore_cinnabar>: "Found in overworld from y20 to y65"
[INITIALIZATION][CLIENT][INFO] Adding tooltip for <thaumcraft:ore_amber>: "Found in overworld from y20 to y65"
[INITIALIZATION][CLIENT][INFO] Adding tooltip for <techreborn:ore:4>: "Found in overworld from y48 to y65"
[INITIALIZATION][CLIENT][INFO] Adding tooltip for <retroexchange:transmutation_shard>: "Rare drop from mobs."
[INITIALIZATION][CLIENT][INFO] Adding tooltip for <retroexchange:transmutation_stone>: "Transmute blocks in world and items in crafting table."
[INITIALIZATION][CLIENT][INFO] Adding tooltip for <buildcraftfactory:pump>: "Disabled for performance reasons.  Use Industrial Foregoing Fluid Pump for all your pumping needs!"
[INITIALIZATION][CLIENT][INFO] [crafttweaker | SIDE_CLIENT]: Loading Script: {[0:crafttweaker]: 02_unification.zs}
[INITIALIZATION][CLIENT][INFO] Trying to remove Crafting Table recipes for kind: plate
[INITIALIZATION][CLIENT][INFO] Trying to remove Crafting Table recipes for kind: gear
[INITIALIZATION][CLIENT][INFO] Removing Charged Certus Quartz Ore from ore dictionary entry oreCertusQuartz
[INITIALIZATION][CLIENT][INFO] [crafttweaker | SIDE_CLIENT]: Loading Script: {[0:crafttweaker]: 03_ultimate_changes.zs}
[INITIALIZATION][CLIENT][INFO] [crafttweaker | SIDE_CLIENT]: Loading Script: {[0:crafttweaker]: advanced_solar.zs}
[INITIALIZATION][CLIENT][INFO] [crafttweaker | SIDE_CLIENT]: Loading Script: {[0:crafttweaker]: applied_energistics.zs}
[INITIALIZATION][CLIENT][INFO] Adding tooltip for <appliedenergistics2:sky_compass>: "Meteors and Presses Disabled! Check JEI for new processor recipes!"
[INITIALIZATION][CLIENT][INFO] [crafttweaker | SIDE_CLIENT]: Loading Script: {[0:crafttweaker]: chisel.zs}
[INITIALIZATION][CLIENT][INFO] [crafttweaker | SIDE_CLIENT]: Loading Script: {[0:crafttweaker]: energy_converters.zs}
[INITIALIZATION][CLIENT][INFO] [crafttweaker | SIDE_CLIENT]: Loading Script: {[0:crafttweaker]: ic2.zs}
[INITIALIZATION][CLIENT][INFO] [crafttweaker | SIDE_CLIENT]: Loading Script: {[0:crafttweaker]: immersive_engineering.zs}
[INITIALIZATION][CLIENT][INFO] Translating item.immersiveengineering.metal.dust_uranium.name to Pulverized Uranium
[INITIALIZATION][CLIENT][INFO] [crafttweaker | SIDE_CLIENT]: Loading Script: {[0:crafttweaker]: mffs.zs}
[INITIALIZATION][CLIENT][INFO] [crafttweaker | SIDE_CLIENT]: Loading Script: {[0:crafttweaker]: mps.zs}
[INITIALIZATION][CLIENT][INFO] [crafttweaker | SIDE_CLIENT]: Loading Script: {[0:crafttweaker]: railcraft.zs}
[INITIALIZATION][CLIENT][INFO] [crafttweaker | SIDE_CLIENT]: Loading Script: {[0:crafttweaker]: techreborn.zs}
[INITIALIZATION][CLIENT][INFO] Adding ALLOY_SMELTER_RECIPE recipe for Constantan Ingot
[INITIALIZATION][CLIENT][INFO] Removing INDUSTRIAL_GRINDER_RECIPE recipe
[INITIALIZATION][CLIENT][INFO] Adding INDUSTRIAL_GRINDER_RECIPE recipe for Pulverized Iridium
[INITIALIZATION][CLIENT][INFO] Adding INDUSTRIAL_GRINDER_RECIPE recipe for Pulverized Iridium
[INITIALIZATION][CLIENT][INFO] Removing INDUSTRIAL_GRINDER_RECIPE recipe
[INITIALIZATION][CLIENT][INFO] Adding INDUSTRIAL_GRINDER_RECIPE recipe for Pulverized Uranium
[INITIALIZATION][CLIENT][INFO] Adding INDUSTRIAL_GRINDER_RECIPE recipe for Pulverized Uranium
[INITIALIZATION][CLIENT][INFO] Removing GRINDER_RECIPE recipe
[INITIALIZATION][CLIENT][INFO] Removing CENTRIFUGE_RECIPE recipe for Sap
[INITIALIZATION][CLIENT][INFO] Adding CENTRIFUGE_RECIPE recipe for Carbon Cell
[INITIALIZATION][CLIENT][INFO] Adding DISTILLATION_TOWER_RECIPE recipe for Sulfuric Acid Cell
[INITIALIZATION][CLIENT][INFO] Adding DISTILLATION_TOWER_RECIPE recipe for Ethanol Cell
[INITIALIZATION][CLIENT][INFO] [crafttweaker | SIDE_CLIENT]: Loading Script: {[0:crafttweaker]: world_control.zs}
[INITIALIZATION][CLIENT][INFO] [crafttweaker | SIDE_CLIENT]: Loading Script: {[0:crafttweaker]: yabba.zs}
[INITIALIZATION][CLIENT][INFO] Adding tooltip for <yabba:item_barrel>: "Stores 64 stacks of one item type"
[INITIALIZATION][CLIENT][INFO] Translating item.yabba.upgrade_iron_tier.name to Extra-Dimensional Storage
[INITIALIZATION][CLIENT][INFO] Adding tooltip for <yabba:upgrade_iron_tier>: "Increase barrel storage to 1024 stacks"
[INITIALIZATION][CLIENT][INFO] Completed script loading in: 419ms
[INITIALIZATION][CLIENT][INFO] Translating item.immersiveengineering.metal.dust_uranium.name to Pulverized Uranium
[INITIALIZATION][CLIENT][INFO] Translating item.yabba.upgrade_iron_tier.name to Extra-Dimensional Storage
[POSTINITIALIZATION][CLIENT][INFO] Removing recipes for various outputs
[POSTINITIALIZATION][CLIENT][INFO] Adding shaped recipe for Stone Gear with name ct_shaped-1570388522
[POSTINITIALIZATION][CLIENT][INFO] Adding shaped recipe for Iron Gear with name ct_shaped-1397309258
[POSTINITIALIZATION][CLIENT][INFO] Adding shaped recipe for Gold Gear with name ct_shaped1447251511
[POSTINITIALIZATION][CLIENT][INFO] Adding shaped recipe for Emerald Gear with name ct_shaped-1552926537
[POSTINITIALIZATION][CLIENT][INFO] Adding shaped recipe for Diamond Gear with name ct_shaped-2105558090
[POSTINITIALIZATION][CLIENT][INFO] Adding shaped recipe for Tin Gear with name ct_shaped1739680460
[POSTINITIALIZATION][CLIENT][INFO] Adding shaped recipe for Aluminum Gear with name ct_shaped-1967312668
[POSTINITIALIZATION][CLIENT][INFO] Adding shaped recipe for Steel Gear with name ct_shaped971235882
[POSTINITIALIZATION][CLIENT][INFO] Adding shaped recipe for Lead Gear with name ct_shaped-2019826738
[POSTINITIALIZATION][CLIENT][INFO] Adding shaped recipe for Copper Gear with name ct_shaped2127795531
[POSTINITIALIZATION][CLIENT][INFO] Adding shaped recipe for Silver Gear with name ct_shaped-674553523
[POSTINITIALIZATION][CLIENT][INFO] Adding shaped recipe for Nickel Gear with name ct_shaped746384741
[POSTINITIALIZATION][CLIENT][INFO] Adding shaped recipe for Electrum Gear with name ct_shaped-1958565845
[POSTINITIALIZATION][CLIENT][INFO] Adding shaped recipe for Invar Gear with name ct_shaped-628450047
[POSTINITIALIZATION][CLIENT][INFO] Adding shaped recipe for Constantan Gear with name ct_shaped2070653635
[POSTINITIALIZATION][CLIENT][INFO] Adding shaped recipe for Signalum Gear with name ct_shaped-1128984252
[POSTINITIALIZATION][CLIENT][INFO] Adding shaped recipe for Brass Gear with name ct_shaped820494998
[POSTINITIALIZATION][CLIENT][INFO] Adding shaped recipe for Lumium Gear with name ct_shaped2037903813
[POSTINITIALIZATION][CLIENT][INFO] Adding shaped recipe for Bronze Gear with name ct_shaped1248166850
[POSTINITIALIZATION][CLIENT][INFO] Adding shapeless recipe for Pulverized Platinum with name ct_shapeless564089404
[POSTINITIALIZATION][CLIENT][INFO] Adding shapeless recipe for Pulverized Tin with name ct_shapeless-1972161298
[POSTINITIALIZATION][CLIENT][INFO] Adding shapeless recipe for Pulverized Gold with name ct_shapeless-807804658
[POSTINITIALIZATION][CLIENT][INFO] Adding shapeless recipe for Pulverized Lead with name ct_shapeless-837686700
[POSTINITIALIZATION][CLIENT][INFO] Adding shapeless recipe for Pulverized Silver with name ct_shapeless-1241774987
[POSTINITIALIZATION][CLIENT][INFO] Adding shapeless recipe for Pulverized Iron with name ct_shapeless1684514085
[POSTINITIALIZATION][CLIENT][INFO] Adding shapeless recipe for Pulverized Copper with name ct_shapeless-104304329
[POSTINITIALIZATION][CLIENT][INFO] Adding shapeless recipe for Zinc Dust with name ct_shapeless-12612264
[POSTINITIALIZATION][CLIENT][INFO] Adding shapeless recipe for Pulverized Iron with name ct_shapeless1593454993
[POSTINITIALIZATION][CLIENT][INFO] Adding shapeless recipe for Pulverized Nickel with name ct_shapeless703410386
[POSTINITIALIZATION][CLIENT][INFO] Adding shapeless recipe for Pulverized Platinum with name ct_shapeless2085607732
[POSTINITIALIZATION][CLIENT][INFO] Adding shaped recipe for Quarried Stone with name ct_shaped868210012
[POSTINITIALIZATION][CLIENT][INFO] Adding shaped recipe for Abyssal Stone with name ct_shaped-903653447
[POSTINITIALIZATION][CLIENT][INFO] Adding shaped recipe for Long Fall Boots with name ct_shaped-29209942
[POSTINITIALIZATION][CLIENT][INFO] Adding shaped recipe for Power Armor Tinker Table with name ct_shaped-1624962492
[POSTINITIALIZATION][CLIENT][INFO] Adding shaped recipe for Sunnarium Part with name ct_shaped802958320
[POSTINITIALIZATION][CLIENT][INFO] Adding shaped recipe for Sunnarium with name ct_shaped-1751768291
[POSTINITIALIZATION][CLIENT][INFO] Adding shaped recipe for Sunnarium Part with name ct_shaped1358116880
[POSTINITIALIZATION][CLIENT][INFO] Adding shaped recipe for Sunnarium with name ct_shaped-1825468035
[POSTINITIALIZATION][CLIENT][INFO] Adding shaped recipe for Block of Diamond Slab with name ct_shaped670910100
[POSTINITIALIZATION][CLIENT][INFO] Adding shaped recipe for Block of Diamond Panel with name ct_shaped491177921
[POSTINITIALIZATION][CLIENT][INFO] Adding shaped recipe for Block of Iron Slab with name ct_shaped-156917698
[POSTINITIALIZATION][CLIENT][INFO] Adding shaped recipe for Block of Iron Pillar with name ct_shaped-651075045
[POSTINITIALIZATION][CLIENT][INFO] Adding shaped recipe for Block of Iron Post with name ct_shaped1774949433
[POSTINITIALIZATION][CLIENT][INFO] Adding shaped recipe for Wired Modem with name ct_shaped-1772756257
[POSTINITIALIZATION][CLIENT][INFO] Adding shaped recipe for Essence of Scornful Oblivion with name ct_shaped1360171318
[POSTINITIALIZATION][CLIENT][INFO] Adding shaped recipe for Nano Bot Swarm with name ct_shaped1765534373
[POSTINITIALIZATION][CLIENT][INFO] Adding shaped recipe for Advanced Solar Helmet with name ct_shaped-1120656482
[POSTINITIALIZATION][CLIENT][INFO] Adding shaped recipe for Hybrid Solar Helmet with name ct_shaped-689051606
[POSTINITIALIZATION][CLIENT][INFO] Adding shaped recipe for Ultimate Hybrid Solar Helmet with name ct_shaped-1214493312
[POSTINITIALIZATION][CLIENT][INFO] Adding shapeless recipe for Ultimate Hybrid Solar Helmet with name ct_shapeless1047533695
[POSTINITIALIZATION][CLIENT][INFO] Adding shaped recipe for Printed Logic Circuit with name ct_shaped265086012
[POSTINITIALIZATION][CLIENT][INFO] Adding shaped recipe for Printed Logic Circuit with name ct_shaped1590762918
[POSTINITIALIZATION][CLIENT][INFO] Adding shaped recipe for Printed Engineering Circuit with name ct_shaped-933893453
[POSTINITIALIZATION][CLIENT][INFO] Adding shaped recipe for Printed Engineering Circuit with name ct_shaped1958976477
[POSTINITIALIZATION][CLIENT][INFO] Adding shaped recipe for Printed Calculation Circuit with name ct_shaped-1625943634
[POSTINITIALIZATION][CLIENT][INFO] Adding shaped recipe for Printed Calculation Circuit with name ct_shaped-223846268
[POSTINITIALIZATION][CLIENT][INFO] Adding shapeless recipe for Fluix Crystal with name ct_shapeless-1494239518
[POSTINITIALIZATION][CLIENT][INFO] Adding shaped recipe for ME Quantum Ring with name ct_shaped1764992172
[POSTINITIALIZATION][CLIENT][INFO] Adding shaped recipe for Charged Staff with name ct_shaped-2119187021
[POSTINITIALIZATION][CLIENT][INFO] Adding shapeless recipe for Certus Quartz Crystal with name ct_shapeless-1185156451
[POSTINITIALIZATION][CLIENT][INFO] Adding shaped recipe for ME Glass Cable - Fluix with name ct_shaped1065590351
[POSTINITIALIZATION][CLIENT][INFO] Adding shapeless recipe for LV Energy Producer (IC2) with name ct_shapeless403898822
[POSTINITIALIZATION][CLIENT][INFO] Adding shaped recipe for LV Energy Producer (IC2) with name ct_shaped-541045081
[POSTINITIALIZATION][CLIENT][INFO] Adding shaped recipe for Advanced Lappack with name ct_shaped-1847821823
[POSTINITIALIZATION][CLIENT][INFO] Adding shapeless recipe for MV Energy Producer (IC2) with name ct_shapeless626343284
[POSTINITIALIZATION][CLIENT][INFO] Adding shaped recipe for MV Energy Producer (IC2) with name ct_shaped-231603505
[POSTINITIALIZATION][CLIENT][INFO] Adding shaped recipe for Advanced Lappack with name ct_shaped-1847821822
[POSTINITIALIZATION][CLIENT][INFO] Adding shapeless recipe for HV Energy Producer (IC2) with name ct_shapeless-1696761034
[POSTINITIALIZATION][CLIENT][INFO] Adding shaped recipe for HV Energy Producer (IC2) with name ct_shaped-397984978
[POSTINITIALIZATION][CLIENT][INFO] Adding shaped recipe for Advanced Lappack with name ct_shaped-1847821821
[POSTINITIALIZATION][CLIENT][INFO] Adding shapeless recipe for EV Energy Producer (IC2) with name ct_shapeless275101944
[POSTINITIALIZATION][CLIENT][INFO] Adding shaped recipe for EV Energy Producer (IC2) with name ct_shaped-1447657694
[POSTINITIALIZATION][CLIENT][INFO] Adding shapeless recipe for IV Energy Producer (IC2) with name ct_shapeless-2048002374
[POSTINITIALIZATION][CLIENT][INFO] Adding shaped recipe for IV Energy Producer (IC2) with name ct_shaped1806700066
[POSTINITIALIZATION][CLIENT][INFO] Adding shapeless recipe for MJ Energy Producer with name ct_shapeless1274205600
[POSTINITIALIZATION][CLIENT][INFO] Adding shaped recipe for MJ Energy Producer with name ct_shaped1637557989
[POSTINITIALIZATION][CLIENT][INFO] Adding shaped recipe for Pulverized Platinum with name ct_shaped-677754572
[POSTINITIALIZATION][CLIENT][INFO] Adding shaped recipe for Advanced Lappack with name ct_shaped-1847821820
[POSTINITIALIZATION][CLIENT][INFO] Adding shaped recipe for Ultimate Lappack with name ct_shaped53127508
[POSTINITIALIZATION][CLIENT][INFO] Adding shapeless recipe for Iridium Reinforced Plate with name ct_shapeless856970049
[POSTINITIALIZATION][CLIENT][INFO] Adding shapeless recipe for Magnalium Plate with name ct_shapeless768855275
[POSTINITIALIZATION][CLIENT][INFO] Adding shapeless recipe for Empty Cell with name ct_shapeless1856155931
[POSTINITIALIZATION][CLIENT][INFO] Adding shapeless recipe for Empty Cell with name ct_shapeless2068095889
[POSTINITIALIZATION][CLIENT][INFO] Adding shapeless recipe for Advanced Alloy with name ct_shapeless843806880
[POSTINITIALIZATION][CLIENT][INFO] Adding shapeless recipe for Refined Iron Plate with name ct_shapeless901945260
[POSTINITIALIZATION][CLIENT][INFO] Adding shaped recipe for Iridium Neutron Reflector with name ct_shaped-1660007195
[POSTINITIALIZATION][CLIENT][INFO] Adding shaped recipe for Thick Neutron Reflector with name ct_shaped-9067166
[POSTINITIALIZATION][CLIENT][INFO] Adding shaped recipe for Tin Can with name ct_shaped-1735181902
[POSTINITIALIZATION][CLIENT][INFO] Adding shaped recipe for Thick Neutron Reflector with name ct_shaped1510347678
[POSTINITIALIZATION][CLIENT][INFO] Adding shaped recipe for Nuke with name ct_shaped1150246389
[POSTINITIALIZATION][CLIENT][INFO] Adding shaped recipe for Fluix Transformer with name ct_shaped-1778271064
[POSTINITIALIZATION][CLIENT][INFO] Adding shaped recipe for Fluix Wire Coil with name ct_shaped1235369562
[POSTINITIALIZATION][CLIENT][INFO] Adding shaped recipe for Fluix Wire Relay with name ct_shaped1598605379
[POSTINITIALIZATION][CLIENT][INFO] Adding shaped recipe for Quartz Fiber Connector with name ct_shaped465316070
[POSTINITIALIZATION][CLIENT][INFO] Adding shaped recipe for Kinetic Dynamo with name ct_shaped-1593155041
[POSTINITIALIZATION][CLIENT][INFO] Adding shaped recipe for Redstone Wire Coil with name ct_shaped1772120447
[POSTINITIALIZATION][CLIENT][INFO] Adding shaped recipe for Steel Cable Coil with name ct_shaped443900158
[POSTINITIALIZATION][CLIENT][INFO] Adding shaped recipe for HV Wire Coil with name ct_shaped-498053124
[POSTINITIALIZATION][CLIENT][INFO] Adding shaped recipe for MV Wire Coil with name ct_shaped-1583441989
[POSTINITIALIZATION][CLIENT][INFO] Adding shaped recipe for LV Wire Coil with name ct_shaped-98780604
[POSTINITIALIZATION][CLIENT][INFO] Adding shaped recipe for HV Wire Relay with name ct_shaped1052692692
[POSTINITIALIZATION][CLIENT][INFO] Adding shaped recipe for Transformer with name ct_shaped-1259500175
[POSTINITIALIZATION][CLIENT][INFO] Adding shaped recipe for HV Transformer with name ct_shaped334932427
[POSTINITIALIZATION][CLIENT][INFO] Adding shaped recipe for Engineer's Skyhook with name ct_shaped992367301
[POSTINITIALIZATION][CLIENT][INFO] Adding shaped recipe for MFFS Control System with name ct_shaped-1859872574
[POSTINITIALIZATION][CLIENT][INFO] Adding shaped recipe for MFFS Secure Storage with name ct_shaped-620569940
[POSTINITIALIZATION][CLIENT][INFO] Adding shaped recipe for Projector Upgrade: Focus Matrix with name ct_shaped2059512213
[POSTINITIALIZATION][CLIENT][INFO] Adding shaped recipe for Projector Upgrade: Focus Matrix with name ct_shaped2059512214
[POSTINITIALIZATION][CLIENT][INFO] Adding shaped recipe for Projector Module: Deflector with name ct_shaped1737051487
[POSTINITIALIZATION][CLIENT][INFO] Adding shaped recipe for Projector Module: Deflector with name ct_shaped1837619759
[POSTINITIALIZATION][CLIENT][INFO] Adding shaped recipe for Projector Module: Advanced Cube with name ct_shaped152308049
[POSTINITIALIZATION][CLIENT][INFO] Adding shaped recipe for Projector Module: Cube with name ct_shaped-1648121132
[POSTINITIALIZATION][CLIENT][INFO] Adding shaped recipe for Projector Module: Containment with name ct_shaped1531121959
[POSTINITIALIZATION][CLIENT][INFO] Adding shaped recipe for Projector Module: Wall with name ct_shaped818558811
[POSTINITIALIZATION][CLIENT][INFO] Adding shaped recipe for Projector Module: Sphere with name ct_shaped-648839876
[POSTINITIALIZATION][CLIENT][INFO] Adding shaped recipe for Projector Option: Camoflage with name ct_shaped-1923471579
[POSTINITIALIZATION][CLIENT][INFO] Adding shaped recipe for Force Power Crystal with name ct_shaped-2042228137
[POSTINITIALIZATION][CLIENT][INFO] Adding shaped recipe for Wiring with name ct_shaped963973731
[POSTINITIALIZATION][CLIENT][INFO] Adding shaped recipe for Ion Thruster with name ct_shaped-2008822392
[POSTINITIALIZATION][CLIENT][INFO] Adding shapeless recipe for Void Powder with name ct_shapeless1181579754
[POSTINITIALIZATION][CLIENT][INFO] Adding shapeless recipe for Void Powder with name ct_shapeless-1885302916
[POSTINITIALIZATION][CLIENT][INFO] Adding shaped recipe for Electric Locomotive with name ct_shaped-1400621775
[POSTINITIALIZATION][CLIENT][INFO] Adding shaped recipe for Electric Locomotive with name ct_shaped1425400672
[POSTINITIALIZATION][CLIENT][INFO] Adding shaped recipe for Electric Locomotive with name ct_shaped-1943583023
[POSTINITIALIZATION][CLIENT][INFO] Adding shaped recipe for Electric Locomotive with name ct_shaped-1122334148
[POSTINITIALIZATION][CLIENT][INFO] Adding shaped recipe for Ticket Machine with name ct_shaped24158969
[POSTINITIALIZATION][CLIENT][INFO] Adding shaped recipe for White Metal Post with name ct_shaped-560465358
[POSTINITIALIZATION][CLIENT][INFO] Adding shaped recipe for Orange Metal Post with name ct_shaped-761816862
[POSTINITIALIZATION][CLIENT][INFO] Adding shaped recipe for Magenta Metal Post with name ct_shaped-1101974662
[POSTINITIALIZATION][CLIENT][INFO] Adding shaped recipe for Light Blue Metal Post with name ct_shaped-1022804142
[POSTINITIALIZATION][CLIENT][INFO] Adding shaped recipe for Yellow Metal Post with name ct_shaped-209103905
[POSTINITIALIZATION][CLIENT][INFO] Adding shaped recipe for Lime Metal Post with name ct_shaped251917919
[POSTINITIALIZATION][CLIENT][INFO] Adding shaped recipe for Pink Metal Post with name ct_shaped-1965891489
[POSTINITIALIZATION][CLIENT][INFO] Adding shaped recipe for Gray Metal Post with name ct_shaped140273555
[POSTINITIALIZATION][CLIENT][INFO] Adding shaped recipe for Light Gray Metal Post with name ct_shaped-837170300
[POSTINITIALIZATION][CLIENT][INFO] Adding shaped recipe for Cyan Metal Post with name ct_shaped-1798545067
[POSTINITIALIZATION][CLIENT][INFO] Adding shaped recipe for Purple Metal Post with name ct_shaped-1792262428
[POSTINITIALIZATION][CLIENT][INFO] Adding shaped recipe for Blue Metal Post with name ct_shaped-1888910265
[POSTINITIALIZATION][CLIENT][INFO] Adding shaped recipe for Brown Metal Post with name ct_shaped-1962177892
[POSTINITIALIZATION][CLIENT][INFO] Adding shaped recipe for Green Metal Post with name ct_shaped-1808232818
[POSTINITIALIZATION][CLIENT][INFO] Adding shaped recipe for Red Metal Post with name ct_shaped-1898379617
[POSTINITIALIZATION][CLIENT][INFO] Adding shaped recipe for Reinforced Track with name ct_shaped-1868401329
[POSTINITIALIZATION][CLIENT][INFO] Adding shapeless recipe for Gunpowder with name ct_shapeless1149183532
[POSTINITIALIZATION][CLIENT][INFO] Adding shapeless recipe for Invar Blend with name ct_shapeless-702427082
[POSTINITIALIZATION][CLIENT][INFO] Adding shapeless recipe for Aluminum Ingot with name ct_shapeless-604840357
[POSTINITIALIZATION][CLIENT][INFO] Adding shapeless recipe for Tungsten Ingot with name ct_shapeless-1751424939
[POSTINITIALIZATION][CLIENT][INFO] Adding shapeless recipe for Titanium Ingot with name ct_shapeless-1777513979
[POSTINITIALIZATION][CLIENT][INFO] Adding shaped recipe for Titanium Ingot with name ct_shaped1702095502
[POSTINITIALIZATION][CLIENT][INFO] Adding shaped recipe for Alarm with name ct_shaped-999183395
[POSTINITIALIZATION][CLIENT][INFO] Adding shapeless recipe for Transformer Upgrade with name ct_shapeless1154687879
[POSTINITIALIZATION][CLIENT][INFO] Adding shapeless recipe for Transformer Upgrade with name ct_shapeless839608903
[POSTINITIALIZATION][CLIENT][INFO] Adding shapeless recipe for Overclocker Upgrade with name ct_shapeless1236442073
[POSTINITIALIZATION][CLIENT][INFO] Adding shapeless recipe for Overclocker Upgrade with name ct_shapeless-903477031
[POSTINITIALIZATION][CLIENT][INFO] Adding shapeless recipe for Energy Storage Upgrade with name ct_shapeless1506411337
[POSTINITIALIZATION][CLIENT][INFO] Adding shapeless recipe for Energy Storage Upgrade with name ct_shapeless2085296905
[POSTINITIALIZATION][CLIENT][INFO] Adding shaped recipe for Energy Flow Circuit with name ct_shaped-1321748823
[POSTINITIALIZATION][CLIENT][INFO] Adding shapeless recipe for UU-Matter with name ct_shapeless-1228340927
[POSTINITIALIZATION][CLIENT][INFO] Adding shapeless recipe for UU-Matter with name ct_shapeless-1414659007
[POSTINITIALIZATION][CLIENT][INFO] Adding shaped recipe for Rolling Machine with name ct_shaped-217358557
[POSTINITIALIZATION][CLIENT][INFO] Adding shaped recipe for Implosion Compressor with name ct_shaped-703054997
[POSTINITIALIZATION][CLIENT][INFO] Adding shaped recipe for Industrial Blast Furnace with name ct_shaped-1658062690
[POSTINITIALIZATION][CLIENT][INFO] Adding shaped recipe for Industrial Electrolyzer with name ct_shaped-2140107505
[POSTINITIALIZATION][CLIENT][INFO] Adding shaped recipe for Industrial Centrifuge with name ct_shaped-1158205895
[POSTINITIALIZATION][CLIENT][INFO] Adding shaped recipe for Iron Alloy Furnace with name ct_shaped-687414475
[POSTINITIALIZATION][CLIENT][INFO] Adding shaped recipe for Alloy Smelter with name ct_shaped-993300224
[POSTINITIALIZATION][CLIENT][INFO] Adding shaped recipe for Industrial Grinder with name ct_shaped1340215955
[POSTINITIALIZATION][CLIENT][INFO] Adding shaped recipe for Plasma Generator with name ct_shaped188918554
[POSTINITIALIZATION][CLIENT][INFO] Adding shaped recipe for Semi Fluid Generator with name ct_shaped1005430263
[POSTINITIALIZATION][CLIENT][INFO] Adding shaped recipe for Thermal Generator with name ct_shaped487133143
[POSTINITIALIZATION][CLIENT][INFO] Adding shaped recipe for Diesel Generator with name ct_shaped-1164756834
[POSTINITIALIZATION][CLIENT][INFO] Adding shaped recipe for Gas Turbine with name ct_shaped1269338887
[POSTINITIALIZATION][CLIENT][INFO] Adding shaped recipe for Charge-O-Mat with name ct_shaped-186869962
[POSTINITIALIZATION][CLIENT][INFO] Adding shaped recipe for Lapotronic Energy Orb with name ct_shaped1281026820
[POSTINITIALIZATION][CLIENT][INFO] Adding shaped recipe for Nanosaber with name ct_shaped-1642558075
[POSTINITIALIZATION][CLIENT][INFO] Adding shaped recipe for Incandescent Lamp with name ct_shaped-994968123
[POSTINITIALIZATION][CLIENT][INFO] Adding shaped recipe for Howler Alarm with name ct_shaped-664311931
[POSTINITIALIZATION][CLIENT][INFO] Adding shaped recipe for Industrial Alarm with name ct_shaped-928253252
[POSTINITIALIZATION][CLIENT][INFO] Adding shaped recipe for Basic Info Panel with name ct_shaped-338567943
[POSTINITIALIZATION][CLIENT][INFO] Adding shaped recipe for Basic Info Panel Extender with name ct_shaped737313107
[POSTINITIALIZATION][CLIENT][INFO] Adding shaped recipe for IC2 Thermal Monitor with name ct_shaped-764212568
[POSTINITIALIZATION][CLIENT][INFO] Adding shaped recipe for Thermometer with name ct_shaped-1392486739
[POSTINITIALIZATION][CLIENT][INFO] Adding shaped recipe for Thermometer with name ct_shaped846393976
[POSTINITIALIZATION][CLIENT][INFO] Adding shaped recipe for EU Reactor Kit with name ct_shaped-1009947456
[POSTINITIALIZATION][CLIENT][INFO] Adding shaped recipe for EU Energy Kit with name ct_shaped-791435870
[POSTINITIALIZATION][CLIENT][INFO] Adding shaped recipe for Fluid Kit with name ct_shaped-1529747151
[POSTINITIALIZATION][CLIENT][INFO] Adding shaped recipe for Forge Energy Kit with name ct_shaped-1345310295
[POSTINITIALIZATION][CLIENT][INFO] Adding shapeless recipe for Time Card with name ct_shapeless1019459691
[POSTINITIALIZATION][CLIENT][INFO] Adding shaped recipe for Range Upgrade with name ct_shaped-651863682
[POSTINITIALIZATION][CLIENT][INFO] Adding shaped recipe for Color Upgrade with name ct_shaped1756563581
[POSTINITIALIZATION][CLIENT][INFO] Adding shaped recipe for Portable Information Panel with name ct_shaped1790748237
[POSTINITIALIZATION][CLIENT][INFO] Adding shaped recipe for Item Barrel with name ct_shaped-314987597
[POSTINITIALIZATION][CLIENT][INFO] Adding shaped recipe for Extra-Dimensional Storage with name ct_shaped1534005381
[POSTINITIALIZATION][CLIENT][INFO] Adding shaped recipe for Item Barrel Connector with name ct_shaped-637466781
[POSTINITIALIZATION][CLIENT][INFO] Adding shaped recipe for Barrel Wrench with name ct_shaped-663135064
[POSTINITIALIZATION][CLIENT][INFO] Adding shaped recipe for Barrel Painter with name ct_shaped-1032878384
[POSTINITIALIZATION][CLIENT][INFO] Adding shaped recipe for Barrel Hammer with name ct_shaped-1563645055
[POSTINITIALIZATION][CLIENT][INFO] Removing furnace recipes for: <thermalfoundation:material:132>
[POSTINITIALIZATION][CLIENT][INFO] 2 recipes removed for: <thermalfoundation:material:132>
[POSTINITIALIZATION][CLIENT][INFO] Adding furnace recipe for <appliedenergistics2:material:16>
[POSTINITIALIZATION][CLIENT][INFO] Adding furnace recipe for <appliedenergistics2:material:17>
[POSTINITIALIZATION][CLIENT][INFO] Adding furnace recipe for <appliedenergistics2:material:18>
[POSTINITIALIZATION][CLIENT][INFO] Adding furnace recipe for <ic2:crafting>
[POSTINITIALIZATION][CLIENT][INFO] Adding furnace recipe for <techreborn:part:32>
[POSTINITIALIZATION][CLIENT][INFO] Adding furnace recipe for <ic2:crushed>
[POSTINITIALIZATION][CLIENT][INFO] Adding furnace recipe for <ic2:crushed:1>
[POSTINITIALIZATION][CLIENT][INFO] Adding furnace recipe for <ic2:crushed:2>
[POSTINITIALIZATION][CLIENT][INFO] Adding furnace recipe for <ic2:crushed:3>
[POSTINITIALIZATION][CLIENT][INFO] Adding furnace recipe for <ic2:crushed:4>
[POSTINITIALIZATION][CLIENT][INFO] Adding furnace recipe for <ic2:crushed:5>
[AVAILABLE][CLIENT][INFO] Fixed the RecipeBook
[AVAILABLE][CLIENT][INFO] Altering InductionSmelter Recipe(s) for <thermalfoundation:material:768> and <minecraft:iron_ingot>
[AVAILABLE][CLIENT][INFO] Altering InductionSmelter Recipe(s) for <thermalfoundation:material:769> and <minecraft:iron_ingot>
[AVAILABLE][CLIENT][INFO] Altering InductionSmelter Recipe(s) for <thermalfoundation:material:768> and <thermalfoundation:material>
[AVAILABLE][CLIENT][INFO] Altering InductionSmelter Recipe(s) for <thermalfoundation:material:769> and <thermalfoundation:material>
[AVAILABLE][CLIENT][INFO] Altering InductionSmelter Recipe(s) for <railcraft:fuel_coke> and <minecraft:iron_ingot>
[AVAILABLE][CLIENT][INFO] Altering InductionSmelter Recipe(s) for <railcraft:fuel_coke> and <thermalfoundation:material>
[AVAILABLE][CLIENT][INFO] Altering RedstoneFurnace Recipe(s) for <thermalfoundation:material:68>
[AVAILABLE][CLIENT][INFO] Altering InductionSmelter Recipe(s) for <thermalfoundation:material:68> and <minecraft:sand>
[AVAILABLE][CLIENT][INFO] Altering InductionSmelter Recipe(s) for <minecraft:rail> and <minecraft:sand>
[AVAILABLE][CLIENT][INFO] Altering InductionSmelter Recipe(s) for <minecraft:golden_rail> and <minecraft:sand>
[AVAILABLE][CLIENT][INFO] Altering Pulverizer Recipe(s) for <thaumcraft:ingot:1>
[AVAILABLE][CLIENT][INFO] Altering Compactor Recipe(s) for <techreborn:ingot:22> in mode: PLATE
[AVAILABLE][CLIENT][INFO] Altering Pulverizer Recipe(s) for <techreborn:dynamiccell>
[AVAILABLE][CLIENT][INFO] Adding chisel variation for group: basalt and item: 1xtile.projectred.exploration.stone@3
[AVAILABLE][CLIENT][INFO] Adding chisel variation for group: basalt and item: 1xtile.railcraft.generic@8
[AVAILABLE][CLIENT][INFO] Adding chisel variation for group: marble and item: 1xtile.projectred.exploration.stone@0
[AVAILABLE][CLIENT][INFO] Adding chisel variation for group: marble and item: 1xtile.railcraft.generic@9
[AVAILABLE][CLIENT][INFO] Adding chisel variation for group: limestone and item: 1xtile.railcraft.brick.sandy@2
[AVAILABLE][CLIENT][INFO] Altering Pulverizer Recipe(s) for <techreborn:dust:43>
[AVAILABLE][CLIENT][INFO] Altering Pulverizer Recipe(s) for <techreborn:dust:36>
[AVAILABLE][CLIENT][INFO] Altering Pulverizer Recipe(s) for <techreborn:dust:45>
[AVAILABLE][CLIENT][INFO] Hiding item in JEI: <techreborn:chunk_loader>
[AVAILABLE][CLIENT][INFO] Hiding item in JEI: <ic2:te:82>
[AVAILABLE][CLIENT][INFO] Hiding item in JEI: <modularforcefieldsystem:area_defense>
[AVAILABLE][CLIENT][INFO] Hiding item in JEI: <appliedenergistics2:charged_quartz_ore>
[AVAILABLE][CLIENT][INFO] Hiding item in JEI: <aroma1997sdimension:dimensionchanger>
[AVAILABLE][CLIENT][INFO] Hiding item in JEI: <advanced_solar_panels:double_stone_slab>
[AVAILABLE][CLIENT][INFO] Hiding item in JEI: <ae2stuff:wireless>
[AVAILABLE][CLIENT][INFO] Hiding item in JEI: <ae2stuff:wireless_kit>
[AVAILABLE][CLIENT][INFO] Hiding item in JEI: <ae2stuff:visualiser>
[AVAILABLE][CLIENT][INFO] Hiding item in JEI: <industrialforegoing:hydrator>
[AVAILABLE][CLIENT][INFO] Hiding item in JEI: <xreliquary:rending_gale>
[AVAILABLE][CLIENT][INFO] Hiding item in JEI: <xreliquary:mob_charm>.withTag({type: 0 as byte})
[AVAILABLE][CLIENT][INFO] Hiding item in JEI: <xreliquary:mob_charm>.withTag({type: 12 as byte})
[AVAILABLE][CLIENT][INFO] Hiding item in JEI: <peripheralsplusone:analyzer_bee>
[AVAILABLE][CLIENT][INFO] Hiding item in JEI: <peripheralsplusone:analyzer_tree>
[AVAILABLE][CLIENT][INFO] Hiding item in JEI: <peripheralsplusone:analyzer_butterfly>
[AVAILABLE][CLIENT][INFO] Hiding item in JEI: <appliedenergistics2:portable_cell>
[AVAILABLE][CLIENT][INFO] Hiding item in JEI: <appliedenergistics2:material:40>
[AVAILABLE][CLIENT][INFO] Hiding item in JEI: <buildcraftcore:gear_wood>
[AVAILABLE][CLIENT][INFO] Hiding item in JEI: <buildcraftcore:gear_stone>
[AVAILABLE][CLIENT][INFO] Hiding item in JEI: <buildcraftcore:gear_diamond>
[AVAILABLE][CLIENT][INFO] Hiding item in JEI: <thermalfoundation:material:295>
[AVAILABLE][CLIENT][INFO] Hiding item in JEI: <thermalfoundation:material:262>
[AVAILABLE][CLIENT][INFO] Hiding item in JEI: <thermalfoundation:material:263>
[AVAILABLE][CLIENT][INFO] Hiding item in JEI: <thermalfoundation:material:264>
[AVAILABLE][CLIENT][INFO] Hiding item in JEI: <advanced_solar_panels:machines>
[AVAILABLE][CLIENT][INFO] Hiding item in JEI: <appliedenergistics2:material:13>
[AVAILABLE][CLIENT][INFO] Hiding item in JEI: <appliedenergistics2:material:14>
[AVAILABLE][CLIENT][INFO] Hiding item in JEI: <appliedenergistics2:material:15>
[AVAILABLE][CLIENT][INFO] Hiding item in JEI: <appliedenergistics2:material:19>
[AVAILABLE][CLIENT][INFO] Hiding item in JEI: <appliedenergistics2:part:40>
[AVAILABLE][CLIENT][INFO] Hiding item in JEI: <appliedenergistics2:part:41>
[AVAILABLE][CLIENT][INFO] Hiding item in JEI: <appliedenergistics2:part:48>
[AVAILABLE][CLIENT][INFO] Hiding item in JEI: <appliedenergistics2:part:47>
[AVAILABLE][CLIENT][INFO] Hiding item in JEI: <appliedenergistics2:part:46>
[AVAILABLE][CLIENT][INFO] Hiding item in JEI: <appliedenergistics2:part:45>
[AVAILABLE][CLIENT][INFO] Hiding item in JEI: <appliedenergistics2:part:44>
[AVAILABLE][CLIENT][INFO] Hiding item in JEI: <appliedenergistics2:part:43>
[AVAILABLE][CLIENT][INFO] Hiding item in JEI: <appliedenergistics2:part:42>
[AVAILABLE][CLIENT][INFO] Hiding item in JEI: <appliedenergistics2:part:56>
[AVAILABLE][CLIENT][INFO] Hiding item in JEI: <appliedenergistics2:part:55>
[AVAILABLE][CLIENT][INFO] Hiding item in JEI: <appliedenergistics2:part:54>
[AVAILABLE][CLIENT][INFO] Hiding item in JEI: <appliedenergistics2:part:53>
[AVAILABLE][CLIENT][INFO] Hiding item in JEI: <appliedenergistics2:part:52>
[AVAILABLE][CLIENT][INFO] Hiding item in JEI: <appliedenergistics2:part:51>
[AVAILABLE][CLIENT][INFO] Hiding item in JEI: <appliedenergistics2:part:50>
[AVAILABLE][CLIENT][INFO] Hiding item in JEI: <appliedenergistics2:part:49>
[AVAILABLE][CLIENT][INFO] Hiding item in JEI: <appliedenergistics2:part:500>
[AVAILABLE][CLIENT][INFO] Hiding item in JEI: <appliedenergistics2:part:501>
[AVAILABLE][CLIENT][INFO] Hiding item in JEI: <appliedenergistics2:part:502>
[AVAILABLE][CLIENT][INFO] Hiding item in JEI: <appliedenergistics2:part:503>
[AVAILABLE][CLIENT][INFO] Hiding item in JEI: <appliedenergistics2:part:510>
[AVAILABLE][CLIENT][INFO] Hiding item in JEI: <appliedenergistics2:part:509>
[AVAILABLE][CLIENT][INFO] Hiding item in JEI: <appliedenergistics2:part:508>
[AVAILABLE][CLIENT][INFO] Hiding item in JEI: <appliedenergistics2:part:507>
[AVAILABLE][CLIENT][INFO] Hiding item in JEI: <appliedenergistics2:part:506>
[AVAILABLE][CLIENT][INFO] Hiding item in JEI: <appliedenergistics2:part:76>
[AVAILABLE][CLIENT][INFO] Hiding item in JEI: <appliedenergistics2:part:75>
[AVAILABLE][CLIENT][INFO] Hiding item in JEI: <appliedenergistics2:part:74>
[AVAILABLE][CLIENT][INFO] Hiding item in JEI: <appliedenergistics2:part:73>
[AVAILABLE][CLIENT][INFO] Hiding item in JEI: <appliedenergistics2:part:72>
[AVAILABLE][CLIENT][INFO] Hiding item in JEI: <appliedenergistics2:part:71>
[AVAILABLE][CLIENT][INFO] Hiding item in JEI: <appliedenergistics2:part:70>
[AVAILABLE][CLIENT][INFO] Hiding item in JEI: <appliedenergistics2:part:67>
[AVAILABLE][CLIENT][INFO] Hiding item in JEI: <appliedenergistics2:part:66>
[AVAILABLE][CLIENT][INFO] Hiding item in JEI: <appliedenergistics2:part:65>
[AVAILABLE][CLIENT][INFO] Hiding item in JEI: <appliedenergistics2:part:64>
[AVAILABLE][CLIENT][INFO] Hiding item in JEI: <appliedenergistics2:part:63>
[AVAILABLE][CLIENT][INFO] Hiding item in JEI: <appliedenergistics2:part:62>
[AVAILABLE][CLIENT][INFO] Hiding item in JEI: <appliedenergistics2:part:61>
[AVAILABLE][CLIENT][INFO] Hiding item in JEI: <appliedenergistics2:part:68>
[AVAILABLE][CLIENT][INFO] Hiding item in JEI: <appliedenergistics2:part:69>
[AVAILABLE][CLIENT][INFO] Hiding item in JEI: <appliedenergistics2:part:60>
[AVAILABLE][CLIENT][INFO] Hiding item in JEI: <appliedenergistics2:part:516>
[AVAILABLE][CLIENT][INFO] Hiding item in JEI: <appliedenergistics2:part:515>
[AVAILABLE][CLIENT][INFO] Hiding item in JEI: <appliedenergistics2:part:514>
[AVAILABLE][CLIENT][INFO] Hiding item in JEI: <appliedenergistics2:part:513>
[AVAILABLE][CLIENT][INFO] Hiding item in JEI: <appliedenergistics2:part:512>
[AVAILABLE][CLIENT][INFO] Hiding item in JEI: <appliedenergistics2:part:511>
[AVAILABLE][CLIENT][INFO] Hiding item in JEI: <appliedenergistics2:part:504>
[AVAILABLE][CLIENT][INFO] Hiding item in JEI: <appliedenergistics2:part:505>
[AVAILABLE][CLIENT][INFO] Hiding item in JEI: <appliedenergistics2:material:10>
[AVAILABLE][CLIENT][INFO] Hiding item in JEI: <appliedenergistics2:material:12>
[AVAILABLE][CLIENT][INFO] Hiding item in JEI: <appliedenergistics2:material:11>
[AVAILABLE][CLIENT][INFO] Hiding item in JEI: <appliedenergistics2:crystal_seed>
[AVAILABLE][CLIENT][INFO] Hiding item in JEI: <appliedenergistics2:crystal_seed:600>
[AVAILABLE][CLIENT][INFO] Hiding item in JEI: <appliedenergistics2:crystal_seed:1200>
[AVAILABLE][CLIENT][INFO] Hiding item in JEI: <appliedenergistics2:crystal_seed>
[AVAILABLE][CLIENT][INFO] Hiding item in JEI: <appliedenergistics2:crystal_seed:600>
[AVAILABLE][CLIENT][INFO] Hiding item in JEI: <appliedenergistics2:crystal_seed:1200>
[AVAILABLE][CLIENT][INFO] Hiding item in JEI: <appliedenergistics2:quartz_growth_accelerator>
[AVAILABLE][CLIENT][INFO] Hiding item in JEI: <appliedenergistics2:material:20>
[AVAILABLE][CLIENT][INFO] Hiding item in JEI: <appliedenergistics2:material:45>
[AVAILABLE][CLIENT][INFO] Hiding item in JEI: <appliedenergistics2:inscriber>
[AVAILABLE][CLIENT][INFO] Hiding item in JEI: <appliedenergistics2:sky_stone_stairs>
[AVAILABLE][CLIENT][INFO] Hiding item in JEI: <appliedenergistics2:sky_stone_slab>
[AVAILABLE][CLIENT][INFO] Hiding item in JEI: <appliedenergistics2:smooth_sky_stone_stairs>
[AVAILABLE][CLIENT][INFO] Hiding item in JEI: <appliedenergistics2:sky_stone_brick_stairs>
[AVAILABLE][CLIENT][INFO] Hiding item in JEI: <appliedenergistics2:sky_stone_small_brick_stairs>
[AVAILABLE][CLIENT][INFO] Hiding item in JEI: <appliedenergistics2:smooth_sky_stone_slab>
[AVAILABLE][CLIENT][INFO] Hiding item in JEI: <appliedenergistics2:sky_stone_brick_slab>
[AVAILABLE][CLIENT][INFO] Hiding item in JEI: <appliedenergistics2:sky_stone_small_brick_slab>
[AVAILABLE][CLIENT][INFO] Hiding item in JEI: <appliedenergistics2:smooth_sky_stone_chest>
[AVAILABLE][CLIENT][INFO] Hiding item in JEI: <appliedenergistics2:sky_stone_chest>
[AVAILABLE][CLIENT][INFO] Hiding item in JEI: <appliedenergistics2:sky_stone_small_brick>
[AVAILABLE][CLIENT][INFO] Hiding item in JEI: <appliedenergistics2:sky_stone_brick>
[AVAILABLE][CLIENT][INFO] Hiding item in JEI: <appliedenergistics2:smooth_sky_stone_block>
[AVAILABLE][CLIENT][INFO] Hiding item in JEI: <appliedenergistics2:sky_stone_block>
[AVAILABLE][CLIENT][INFO] Hiding item in JEI: <appliedenergistics2:crystal_seed:1200>
[AVAILABLE][CLIENT][INFO] Hiding item in JEI: <appliedenergistics2:crystal_seed:600>
[AVAILABLE][CLIENT][INFO] Hiding item in JEI: <appliedenergistics2:crystal_seed>
[AVAILABLE][CLIENT][INFO] Hiding item in JEI: <ae2stuff:inscriber>
[AVAILABLE][CLIENT][INFO] Hiding item in JEI: <ae2stuff:grower>
[AVAILABLE][CLIENT][INFO] Hiding item in JEI: <energyconverters:energy_consumer_fe>
[AVAILABLE][CLIENT][INFO] Hiding item in JEI: <energyconverters:energy_producer_fe>
[AVAILABLE][CLIENT][INFO] Hiding item in JEI: <ic2:advanced_batpack:26>
[AVAILABLE][CLIENT][INFO] Hiding item in JEI: <ic2:energy_pack:26>
[AVAILABLE][CLIENT][INFO] Hiding item in JEI: <gravisuite:advanceddrill:*>
[AVAILABLE][CLIENT][INFO] Hiding item in JEI: <ic2:diamond_drill:*>
[AVAILABLE][CLIENT][INFO] Hiding item in JEI: <ic2:drill:*>
[AVAILABLE][CLIENT][INFO] Hiding item in JEI: <ic2:iridium_drill:*>
[AVAILABLE][CLIENT][INFO] Hiding item in JEI: <ic2:chainsaw:*>
[AVAILABLE][CLIENT][INFO] Hiding item in JEI: <gravisuite:advancedchainsaw:*>
[AVAILABLE][CLIENT][INFO] Hiding item in JEI: <ic2:nano_saber:*>
[AVAILABLE][CLIENT][INFO] Hiding item in JEI: <ic2:te:92>
[AVAILABLE][CLIENT][INFO] Hiding item in JEI: <immersivecables:wire_coil:2>
[AVAILABLE][CLIENT][INFO] Hiding item in JEI: <immersivecables:wire_coil:3>
[AVAILABLE][CLIENT][INFO] Hiding item in JEI: <immersivecables:coil_block:3>
[AVAILABLE][CLIENT][INFO] Hiding item in JEI: <immersivecables:transformer_fluix:1>
[AVAILABLE][CLIENT][INFO] Hiding item in JEI: <immersivecables:coil_block:2>
[AVAILABLE][CLIENT][INFO] Hiding item in JEI: <immersivecables:wire_coil:1>
[AVAILABLE][CLIENT][INFO] Hiding item in JEI: <immersivecables:relay_fluix:1>
[AVAILABLE][CLIENT][INFO] Hiding item in JEI: <immersivecables:coil_block:1>
[AVAILABLE][CLIENT][INFO] Hiding item in JEI: <immersivecables:coil_block>
[AVAILABLE][CLIENT][INFO] Hiding item in JEI: <immersiveengineering:chemthrower>
[AVAILABLE][CLIENT][INFO] Hiding item in JEI: <immersiveengineering:railgun>
[AVAILABLE][CLIENT][INFO] Hiding item in JEI: <immersiveengineering:toolupgrade>
[AVAILABLE][CLIENT][INFO] Hiding item in JEI: <immersiveengineering:toolupgrade:1>
[AVAILABLE][CLIENT][INFO] Hiding item in JEI: <immersiveengineering:toolupgrade:2>
[AVAILABLE][CLIENT][INFO] Hiding item in JEI: <immersiveengineering:toolupgrade:3>
[AVAILABLE][CLIENT][INFO] Hiding item in JEI: <immersiveengineering:toolupgrade:4>
[AVAILABLE][CLIENT][INFO] Hiding item in JEI: <immersiveengineering:toolupgrade:5>
[AVAILABLE][CLIENT][INFO] Hiding item in JEI: <immersiveengineering:maintenance_kit>
[AVAILABLE][CLIENT][INFO] Hiding item in JEI: <immersiveengineering:coresample>
[AVAILABLE][CLIENT][INFO] Hiding item in JEI: <immersiveengineering:graphite_electrode>
[AVAILABLE][CLIENT][INFO] Hiding item in JEI: <immersiveengineering:faraday_suit_feet>
[AVAILABLE][CLIENT][INFO] Hiding item in JEI: <immersiveengineering:faraday_suit_legs>
[AVAILABLE][CLIENT][INFO] Hiding item in JEI: <immersiveengineering:faraday_suit_chest>
[AVAILABLE][CLIENT][INFO] Hiding item in JEI: <immersiveengineering:faraday_suit_head>
[AVAILABLE][CLIENT][INFO] Hiding item in JEI: <immersiveengineering:fluorescent_tube>
[AVAILABLE][CLIENT][INFO] Hiding item in JEI: <immersiveengineering:powerpack>
[AVAILABLE][CLIENT][INFO] Hiding item in JEI: <immersiveengineering:shield>
[AVAILABLE][CLIENT][INFO] Hiding item in JEI: <immersiveengineering:earmuffs>
[AVAILABLE][CLIENT][INFO] Hiding item in JEI: <immersiveengineering:toolupgrade:13>
[AVAILABLE][CLIENT][INFO] Hiding item in JEI: <immersiveengineering:toolupgrade:12>
[AVAILABLE][CLIENT][INFO] Hiding item in JEI: <immersiveengineering:toolupgrade:12>
[AVAILABLE][CLIENT][INFO] Hiding item in JEI: <immersiveengineering:toolupgrade:11>
[AVAILABLE][CLIENT][INFO] Hiding item in JEI: <immersiveengineering:toolupgrade:10>
[AVAILABLE][CLIENT][INFO] Hiding item in JEI: <immersiveengineering:toolupgrade:9>
[AVAILABLE][CLIENT][INFO] Hiding item in JEI: <immersiveengineering:toolupgrade:9>
[AVAILABLE][CLIENT][INFO] Hiding item in JEI: <immersiveengineering:toolupgrade:7>
[AVAILABLE][CLIENT][INFO] Hiding item in JEI: <immersiveengineering:toolupgrade:8>
[AVAILABLE][CLIENT][INFO] Hiding item in JEI: <immersiveengineering:toolupgrade:6>
[AVAILABLE][CLIENT][INFO] Hiding item in JEI: <immersiveengineering:tool:1>
[AVAILABLE][CLIENT][INFO] Hiding item in JEI: <immersiveengineering:tool:2>
[AVAILABLE][CLIENT][INFO] Hiding item in JEI: <immersiveengineering:tool:3>
[AVAILABLE][CLIENT][INFO] Hiding item in JEI: <immersiveengineering:pickaxe_steel>
[AVAILABLE][CLIENT][INFO] Hiding item in JEI: <immersiveengineering:shovel_steel>
[AVAILABLE][CLIENT][INFO] Hiding item in JEI: <immersiveengineering:axe_steel>
[AVAILABLE][CLIENT][INFO] Hiding item in JEI: <immersiveengineering:sword_steel>
[AVAILABLE][CLIENT][INFO] Hiding item in JEI: <immersiveengineering:toolbox>
[AVAILABLE][CLIENT][INFO] Hiding item in JEI: <immersiveengineering:drill>
[AVAILABLE][CLIENT][INFO] Hiding item in JEI: <immersiveengineering:bullet>
[AVAILABLE][CLIENT][INFO] Hiding item in JEI: <immersiveengineering:bullet:2>
[AVAILABLE][CLIENT][INFO] Hiding item in JEI: <immersiveengineering:mold:6>
[AVAILABLE][CLIENT][INFO] Hiding item in JEI: <immersiveengineering:mold:7>
[AVAILABLE][CLIENT][INFO] Hiding item in JEI: <immersiveengineering:blueprint>
[AVAILABLE][CLIENT][INFO] Hiding item in JEI: <immersiveengineering:revolver>
[AVAILABLE][CLIENT][INFO] Hiding item in JEI: <immersiveengineering:speedloader>
[AVAILABLE][CLIENT][INFO] Hiding item in JEI: <immersiveengineering:drillhead>
[AVAILABLE][CLIENT][INFO] Hiding item in JEI: <immersiveengineering:drillhead:1>
[AVAILABLE][CLIENT][INFO] Hiding item in JEI: <immersiveengineering:jerrycan>
[AVAILABLE][CLIENT][INFO] Hiding item in JEI: <immersiveengineering:mold>
[AVAILABLE][CLIENT][INFO] Hiding item in JEI: <immersiveengineering:mold:1>
[AVAILABLE][CLIENT][INFO] Hiding item in JEI: <immersiveengineering:mold:2>
[AVAILABLE][CLIENT][INFO] Hiding item in JEI: <immersiveengineering:mold:3>
[AVAILABLE][CLIENT][INFO] Hiding item in JEI: <immersiveengineering:mold:4>
[AVAILABLE][CLIENT][INFO] Hiding item in JEI: <immersiveengineering:mold:5>
[AVAILABLE][CLIENT][INFO] Hiding item in JEI: <immersiveengineering:conveyor>
[AVAILABLE][CLIENT][INFO] Hiding item in JEI: <immersiveengineering:material:21>
[AVAILABLE][CLIENT][INFO] Hiding item in JEI: <immersiveengineering:material:22>
[AVAILABLE][CLIENT][INFO] Hiding item in JEI: <immersiveengineering:material:23>
[AVAILABLE][CLIENT][INFO] Hiding item in JEI: <immersiveengineering:material:24>
[AVAILABLE][CLIENT][INFO] Hiding item in JEI: <immersiveengineering:material:26>
[AVAILABLE][CLIENT][INFO] Hiding item in JEI: <immersiveengineering:material:26>
[AVAILABLE][CLIENT][INFO] Hiding item in JEI: <immersiveengineering:material:27>
[AVAILABLE][CLIENT][INFO] Hiding item in JEI: <immersiveengineering:metal:25>
[AVAILABLE][CLIENT][INFO] Hiding item in JEI: <immersiveengineering:metal:35>
[AVAILABLE][CLIENT][INFO] Hiding item in JEI: <immersiveengineering:material:20>
[AVAILABLE][CLIENT][INFO] Hiding item in JEI: <immersiveengineering:material:19>
[AVAILABLE][CLIENT][INFO] Hiding item in JEI: <immersiveengineering:material:18>
[AVAILABLE][CLIENT][INFO] Hiding item in JEI: <immersiveengineering:material:17>
[AVAILABLE][CLIENT][INFO] Hiding item in JEI: <immersiveengineering:material:16>
[AVAILABLE][CLIENT][INFO] Hiding item in JEI: <immersiveengineering:material:15>
[AVAILABLE][CLIENT][INFO] Hiding item in JEI: <immersiveengineering:material:14>
[AVAILABLE][CLIENT][INFO] Hiding item in JEI: <immersiveengineering:material:13>
[AVAILABLE][CLIENT][INFO] Hiding item in JEI: <immersiveengineering:material:10>
[AVAILABLE][CLIENT][INFO] Hiding item in JEI: <immersiveengineering:material:9>
[AVAILABLE][CLIENT][INFO] Hiding item in JEI: <immersiveengineering:material:8>
[AVAILABLE][CLIENT][INFO] Hiding item in JEI: <immersiveengineering:material:7>
[AVAILABLE][CLIENT][INFO] Hiding item in JEI: <immersiveengineering:material:6>
[AVAILABLE][CLIENT][INFO] Hiding item in JEI: <immersiveengineering:metal_decoration0>
[AVAILABLE][CLIENT][INFO] Hiding item in JEI: <immersiveengineering:metal_decoration0:1>
[AVAILABLE][CLIENT][INFO] Hiding item in JEI: <immersiveengineering:metal_decoration0:2>
[AVAILABLE][CLIENT][INFO] Hiding item in JEI: <immersiveengineering:metal_decoration0:3>
[AVAILABLE][CLIENT][INFO] Hiding item in JEI: <immersiveengineering:metal_device1:6>
[AVAILABLE][CLIENT][INFO] Hiding item in JEI: <immersiveengineering:metal_device1:7>
[AVAILABLE][CLIENT][INFO] Hiding item in JEI: <immersiveengineering:metal_device1:8>
[AVAILABLE][CLIENT][INFO] Hiding item in JEI: <immersiveengineering:metal_device1:9>
[AVAILABLE][CLIENT][INFO] Hiding item in JEI: <immersiveengineering:metal_device1:10>
[AVAILABLE][CLIENT][INFO] Hiding item in JEI: <immersiveengineering:metal_device1:11>
[AVAILABLE][CLIENT][INFO] Hiding item in JEI: <immersiveengineering:metal_device1:13>
[AVAILABLE][CLIENT][INFO] Hiding item in JEI: <immersiveengineering:metal_device0:3>
[AVAILABLE][CLIENT][INFO] Hiding item in JEI: <immersiveengineering:metal_device0:4>
[AVAILABLE][CLIENT][INFO] Hiding item in JEI: <immersiveengineering:metal_device0:5>
[AVAILABLE][CLIENT][INFO] Hiding item in JEI: <immersiveengineering:metal_device0:6>
[AVAILABLE][CLIENT][INFO] Hiding item in JEI: <immersiveengineering:metal_device1>
[AVAILABLE][CLIENT][INFO] Hiding item in JEI: <immersiveengineering:metal_device1:1>
[AVAILABLE][CLIENT][INFO] Hiding item in JEI: <immersiveengineering:metal_device1:3>
[AVAILABLE][CLIENT][INFO] Hiding item in JEI: <immersiveengineering:metal_device1:4>
[AVAILABLE][CLIENT][INFO] Hiding item in JEI: <immersiveengineering:metal_device1:5>
[AVAILABLE][CLIENT][INFO] Hiding item in JEI: <immersiveengineering:metal_device0:2> * 2
[AVAILABLE][CLIENT][INFO] Hiding item in JEI: <immersiveengineering:metal_device0:2>
[AVAILABLE][CLIENT][INFO] Hiding item in JEI: <immersiveengineering:metal_device0:1>
[AVAILABLE][CLIENT][INFO] Hiding item in JEI: <immersiveengineering:metal_device0>
[AVAILABLE][CLIENT][INFO] Hiding item in JEI: <immersiveengineering:metal_decoration2:5>
[AVAILABLE][CLIENT][INFO] Hiding item in JEI: <immersiveengineering:metal_decoration2:4>
[AVAILABLE][CLIENT][INFO] Hiding item in JEI: <immersiveengineering:metal_decoration0:7>
[AVAILABLE][CLIENT][INFO] Hiding item in JEI: <immersiveengineering:metal_decoration0:6>
[AVAILABLE][CLIENT][INFO] Hiding item in JEI: <immersiveengineering:metal_decoration0:5>
[AVAILABLE][CLIENT][INFO] Hiding item in JEI: <immersiveengineering:metal_decoration0:4>
[AVAILABLE][CLIENT][INFO] Hiding item in JEI: <immersiveengineering:stone_decoration_slab:10>
[AVAILABLE][CLIENT][INFO] Hiding item in JEI: <immersiveengineering:stone_decoration_stairs_hempcrete>
[AVAILABLE][CLIENT][INFO] Hiding item in JEI: <immersiveengineering:stone_decoration_stairs_concrete>
[AVAILABLE][CLIENT][INFO] Hiding item in JEI: <immersiveengineering:stone_decoration_stairs_concrete_tile>
[AVAILABLE][CLIENT][INFO] Hiding item in JEI: <immersiveengineering:stone_decoration_stairs_concrete_leaded>
[AVAILABLE][CLIENT][INFO] Hiding item in JEI: <immersiveengineering:wooden_device0:2>
[AVAILABLE][CLIENT][INFO] Hiding item in JEI: <immersiveengineering:wooden_device0:1>
[AVAILABLE][CLIENT][INFO] Hiding item in JEI: <immersiveengineering:wooden_device0>
[AVAILABLE][CLIENT][INFO] Hiding item in JEI: <immersiveengineering:wooden_device0:3>
[AVAILABLE][CLIENT][INFO] Hiding item in JEI: <immersiveengineering:cloth_device:2>
[AVAILABLE][CLIENT][INFO] Hiding item in JEI: <immersiveengineering:cloth_device>
[AVAILABLE][CLIENT][INFO] Hiding item in JEI: <immersiveengineering:wooden_device1>
[AVAILABLE][CLIENT][INFO] Hiding item in JEI: <immersiveengineering:wooden_device0:7>
[AVAILABLE][CLIENT][INFO] Hiding item in JEI: <immersiveengineering:wooden_device0:6>
[AVAILABLE][CLIENT][INFO] Hiding item in JEI: <immersiveengineering:wooden_device0:5>
[AVAILABLE][CLIENT][INFO] Hiding item in JEI: <immersiveengineering:wooden_device0:4>
[AVAILABLE][CLIENT][INFO] Hiding item in JEI: <immersiveengineering:ore>
[AVAILABLE][CLIENT][INFO] Hiding item in JEI: <immersiveengineering:ore:1>
[AVAILABLE][CLIENT][INFO] Hiding item in JEI: <immersiveengineering:ore:1>
[AVAILABLE][CLIENT][INFO] Hiding item in JEI: <immersiveengineering:ore:2>
[AVAILABLE][CLIENT][INFO] Hiding item in JEI: <immersiveengineering:ore:3>
[AVAILABLE][CLIENT][INFO] Hiding item in JEI: <immersiveengineering:ore:4>
[AVAILABLE][CLIENT][INFO] Hiding item in JEI: <immersiveengineering:stone_decoration_slab:7>
[AVAILABLE][CLIENT][INFO] Hiding item in JEI: <immersiveengineering:stone_decoration_slab:6>
[AVAILABLE][CLIENT][INFO] Hiding item in JEI: <immersiveengineering:stone_decoration_slab:5>
[AVAILABLE][CLIENT][INFO] Hiding item in JEI: <immersiveengineering:stone_decoration_slab:4>
[AVAILABLE][CLIENT][INFO] Hiding item in JEI: <immersiveengineering:stone_decoration_slab:2>
[AVAILABLE][CLIENT][INFO] Hiding item in JEI: <immersiveengineering:stone_decoration_slab:1>
[AVAILABLE][CLIENT][INFO] Hiding item in JEI: <immersiveengineering:stone_decoration_slab>
[AVAILABLE][CLIENT][INFO] Hiding item in JEI: <immersiveengineering:stone_decoration:10>
[AVAILABLE][CLIENT][INFO] Hiding item in JEI: <immersiveengineering:stone_decoration:8>
[AVAILABLE][CLIENT][INFO] Hiding item in JEI: <immersiveengineering:stone_decoration:7>
[AVAILABLE][CLIENT][INFO] Hiding item in JEI: <immersiveengineering:stone_decoration:6>
[AVAILABLE][CLIENT][INFO] Hiding item in JEI: <immersiveengineering:stone_decoration:5>
[AVAILABLE][CLIENT][INFO] Hiding item in JEI: <immersiveengineering:stone_decoration:4>
[AVAILABLE][CLIENT][INFO] Hiding item in JEI: <immersiveengineering:stone_decoration:3>
[AVAILABLE][CLIENT][INFO] Hiding item in JEI: <immersiveengineering:stone_decoration:2>
[AVAILABLE][CLIENT][INFO] Hiding item in JEI: <immersiveengineering:stone_decoration:1>
[AVAILABLE][CLIENT][INFO] Hiding item in JEI: <immersiveengineering:stone_decoration>
[AVAILABLE][CLIENT][INFO] Hiding item in JEI: <immersiveengineering:storage_slab:8>
[AVAILABLE][CLIENT][INFO] Hiding item in JEI: <immersiveengineering:storage_slab:7>
[AVAILABLE][CLIENT][INFO] Hiding item in JEI: <immersiveengineering:storage_slab:6>
[AVAILABLE][CLIENT][INFO] Hiding item in JEI: <immersiveengineering:storage_slab:5>
[AVAILABLE][CLIENT][INFO] Hiding item in JEI: <immersiveengineering:storage_slab:4>
[AVAILABLE][CLIENT][INFO] Hiding item in JEI: <immersiveengineering:storage_slab:3>
[AVAILABLE][CLIENT][INFO] Hiding item in JEI: <immersiveengineering:storage_slab:2>
[AVAILABLE][CLIENT][INFO] Hiding item in JEI: <immersiveengineering:storage_slab:1>
[AVAILABLE][CLIENT][INFO] Hiding item in JEI: <immersiveengineering:storage_slab>
[AVAILABLE][CLIENT][INFO] Hiding item in JEI: <immersiveengineering:ore:5>
[AVAILABLE][CLIENT][INFO] Hiding item in JEI: <immersiveengineering:wirecoil:6>
[AVAILABLE][CLIENT][INFO] Hiding item in JEI: <immersiveengineering:wirecoil:7>
[AVAILABLE][CLIENT][INFO] Hiding item in JEI: <immersiveengineering:connector:13>
[AVAILABLE][CLIENT][INFO] Hiding item in JEI: <immersiveengineering:connector:11>
[AVAILABLE][CLIENT][INFO] Hiding item in JEI: <techreborn:solar_panel>
[AVAILABLE][CLIENT][INFO] Hiding item in JEI: <techreborn:solar_panel:1>
[AVAILABLE][CLIENT][INFO] Hiding item in JEI: <techreborn:solar_panel:2>
[AVAILABLE][CLIENT][INFO] Hiding item in JEI: <techreborn:solar_panel:3>
[AVAILABLE][CLIENT][INFO] Hiding item in JEI: <techreborn:solar_panel:4>
[AVAILABLE][CLIENT][INFO] Hiding item in JEI: <techreborn:creative_solar_panel>
[AVAILABLE][CLIENT][INFO] Hiding item in JEI: <techreborn:part:36>
[AVAILABLE][CLIENT][INFO] Hiding item in JEI: <techreborn:part:37>
[AVAILABLE][CLIENT][INFO] Hiding item in JEI: <techreborn:part:38>
[AVAILABLE][CLIENT][INFO] Hiding item in JEI: <yabba:upgrade_blank>
[AVAILABLE][CLIENT][INFO] Hiding item in JEI: <yabba:decorative_block>.withTag({BlockEntityTag: {Model: "crate"}})
[AVAILABLE][CLIENT][INFO] Hiding item in JEI: <yabba:antibarrel>
[AVAILABLE][CLIENT][INFO] Hiding item in JEI: <yabba:upgrade_gold_tier>
[AVAILABLE][CLIENT][INFO] Hiding item in JEI: <yabba:upgrade_diamond_tier>
[AVAILABLE][CLIENT][INFO] Hiding item in JEI: <yabba:upgrade_star_tier>
[AVAILABLE][CLIENT][INFO] Hiding item in JEI: <yabba:upgrade_creative>
[AVAILABLE][CLIENT][INFO] Hiding item in JEI: <yabba:upgrade_obsidian_shell>
[AVAILABLE][CLIENT][INFO] Hiding item in JEI: <yabba:upgrade_redstone_out>
[AVAILABLE][CLIENT][INFO] Hiding item in JEI: <yabba:upgrade_pickup>
[AVAILABLE][CLIENT][INFO] Hiding item in JEI: <yabba:upgrade_void>
[AVAILABLE][CLIENT][INFO] Hiding item in JEI: <yabba:upgrade_hopper>
